{"timestamp":"2026-07-28T01:12:04.000+0000","win":{"system":{"providerName":"Microsoft-Windows-Sysmon","eventID":"1","computer":"DEV-KLYAM01.victimcorp.com"},"eventdata":{"utcTime":"2026-07-28 01:12:04.000","image":"C:\\Windows\\System32\\WindowsPowerShell\\v1.0\\powershell.exe","commandLine":"powershell.exe -NoProfile -NonInteractive -EncodedCommand ZwBpAHQAIABzAHQAYQB0AHUAcwAgAC0ALQBwAG8AcgBjAGUAbABhAGkAbgA=","parentImage":"C:\\Users\\ke.li.yam\\AppData\\Local\\Programs\\cursor\\Cursor.exe","parentCommandLine":"\"C:\\Users\\ke.li.yam\\AppData\\Local\\Programs\\cursor\\Cursor.exe\" --ms-enable-electron-run-as-node","user":"VICTIMCORP\\ke.li.yam"}}}
{"timestamp":"2026-07-28T01:12:41.000+0000","win":{"system":{"providerName":"Microsoft-Windows-Sysmon","eventID":"1","computer":"DEV-KLYAM01.victimcorp.com"},"eventdata":{"utcTime":"2026-07-28 01:12:41.000","image":"C:\\Windows\\System32\\WindowsPowerShell\\v1.0\\powershell.exe","commandLine":"powershell.exe -NoProfile -NonInteractive -EncodedCommand ZwBpAHQAIABkAGkAZgBmACAALQAtAHMAdABhAHQAIABIAEUAQQBEAA==","parentImage":"C:\\Users\\ke.li.yam\\AppData\\Local\\Programs\\cursor\\Cursor.exe","parentCommandLine":"\"C:\\Users\\ke.li.yam\\AppData\\Local\\Programs\\cursor\\Cursor.exe\" --ms-enable-electron-run-as-node","user":"VICTIMCORP\\ke.li.yam"}}}
{"timestamp":"2026-07-28T02:03:19.000+0000","win":{"system":{"providerName":"Microsoft-Windows-Sysmon","eventID":"1","computer":"DEV-TWONG02.victimcorp.com"},"eventdata":{"utcTime":"2026-07-28 02:03:19.000","image":"C:\\Windows\\System32\\WindowsPowerShell\\v1.0\\powershell.exe","commandLine":"powershell.exe -NoProfile -NonInteractive -EncodedCommand ZwBpAHQAIABsAG8AZwAgAC0ALQBvAG4AZQBsAGkAbgBlACAALQAyADAA","parentImage":"C:\\Program Files\\nodejs\\node.exe","parentCommandLine":"\"C:\\Program Files\\nodejs\\node.exe\" \"C:\\Users\\tommy.wong\\AppData\\Roaming\\npm\\node_modules\\@anthropic-ai\\claude-code\\cli.js\"","user":"VICTIMCORP\\tommy.wong"}}}
{"timestamp":"2026-07-28T02:47:55.000+0000","win":{"system":{"providerName":"Microsoft-Windows-Sysmon","eventID":"1","computer":"DEV-ACHONG03.victimcorp.com"},"eventdata":{"utcTime":"2026-07-28 02:47:55.000","image":"C:\\Windows\\System32\\WindowsPowerShell\\v1.0\\powershell.exe","commandLine":"powershell.exe -NoProfile -NonInteractive -EncodedCommand RwBlAHQALQBDAGgAaQBsAGQASQB0AGUAbQAgAC0AUgBlAGMAdQByAHMAZQAgAC0ARgBpAGwAdABlAHIAIAAqAC4AcAB5ACAAfAAgAFMAZQBsAGUAYwB0AC0ATwBiAGoAZQBjAHQAIAAtAEYAaQByAHMAdAAgADUAMAA=","parentImage":"C:\\Users\\amanda.chong\\AppData\\Local\\Programs\\Microsoft VS Code\\Code.exe","parentCommandLine":"\"C:\\Users\\amanda.chong\\AppData\\Local\\Programs\\Microsoft VS Code\\Code.exe\" --ms-enable-electron-run-as-node","user":"VICTIMCORP\\amanda.chong"}}}
{"timestamp":"2026-07-28T03:15:08.000+0000","win":{"system":{"providerName":"Microsoft-Windows-Sysmon","eventID":"1","computer":"DEV-KLYAM01.victimcorp.com"},"eventdata":{"utcTime":"2026-07-28 03:15:08.000","image":"C:\\Windows\\System32\\WindowsPowerShell\\v1.0\\powershell.exe","commandLine":"powershell.exe -NoProfile -NonInteractive -EncodedCommand bgBwAG0AIAByAHUAbgAgAGIAdQBpAGwAZAA=","parentImage":"C:\\Users\\ke.li.yam\\AppData\\Local\\Programs\\cursor\\Cursor.exe","parentCommandLine":"\"C:\\Users\\ke.li.yam\\AppData\\Local\\Programs\\cursor\\Cursor.exe\" --ms-enable-electron-run-as-node","user":"VICTIMCORP\\ke.li.yam"}}}
{"timestamp":"2026-07-28T05:22:37.000+0000","win":{"system":{"providerName":"Microsoft-Windows-Sysmon","eventID":"1","computer":"DEV-RKUMAR04.victimcorp.com"},"eventdata":{"utcTime":"2026-07-28 05:22:37.000","image":"C:\\Windows\\System32\\WindowsPowerShell\\v1.0\\powershell.exe","commandLine":"powershell.exe -NoProfile -NonInteractive -EncodedCommand cAB5AHQAZQBzAHQAIAAtAHEA","parentImage":"C:\\Program Files\\WindowsApps\\Microsoft.WindowsTerminal_1.21.3231.0_x64__8wekyb3d8bbwe\\WindowsTerminal.exe","parentCommandLine":"\"WindowsTerminal.exe\"","user":"VICTIMCORP\\raj.kumar"}}}
{"timestamp":"2026-07-28T06:41:12.000+0000","win":{"system":{"providerName":"Microsoft-Windows-Sysmon","eventID":"1","computer":"DEV-TWONG02.victimcorp.com"},"eventdata":{"utcTime":"2026-07-28 06:41:12.000","image":"C:\\Windows\\System32\\WindowsPowerShell\\v1.0\\powershell.exe","commandLine":"powershell.exe -NoProfile -NonInteractive -EncodedCommand ZwBpAHQAIABzAHQAYQB0AHUAcwAgAC0ALQBwAG8AcgBjAGUAbABhAGkAbgA=","parentImage":"C:\\Program Files\\nodejs\\node.exe","parentCommandLine":"\"C:\\Program Files\\nodejs\\node.exe\" \"C:\\Users\\tommy.wong\\AppData\\Roaming\\npm\\node_modules\\@anthropic-ai\\claude-code\\cli.js\"","user":"VICTIMCORP\\tommy.wong"}}}
{"timestamp":"2026-07-28T07:58:44.000+0000","win":{"system":{"providerName":"Microsoft-Windows-Sysmon","eventID":"1","computer":"DEV-SLIM05.victimcorp.com"},"eventdata":{"utcTime":"2026-07-28 07:58:44.000","image":"C:\\Windows\\System32\\WindowsPowerShell\\v1.0\\powershell.exe","commandLine":"powershell.exe -NoProfile -NonInteractive -EncodedCommand RwBlAHQALQBDAG8AbgB0AGUAbgB0ACAAcABhAGMAawBhAGcAZQAuAGoAcwBvAG4AIAB8ACAAQwBvAG4AdgBlAHIAdABGAHIAbwBtAC0ASgBzAG8AbgA=","parentImage":"C:\\Users\\sarah.lim\\AppData\\Local\\Programs\\Microsoft VS Code\\Code.exe","parentCommandLine":"\"C:\\Users\\sarah.lim\\AppData\\Local\\Programs\\Microsoft VS Code\\Code.exe\" --ms-enable-electron-run-as-node","user":"VICTIMCORP\\sarah.lim"}}}
{"timestamp":"2026-07-28T08:30:21.000+0000","win":{"system":{"providerName":"Microsoft-Windows-Sysmon","eventID":"1","computer":"DEV-ACHONG03.victimcorp.com"},"eventdata":{"utcTime":"2026-07-28 08:30:21.000","image":"C:\\Windows\\System32\\WindowsPowerShell\\v1.0\\powershell.exe","commandLine":"powershell.exe -NoProfile -NonInteractive -EncodedCommand RwBlAHQALQBMAG8AYwBhAHQAaQBvAG4A","parentImage":"C:\\Users\\amanda.chong\\AppData\\Local\\Programs\\Microsoft VS Code\\Code.exe","parentCommandLine":"\"C:\\Users\\amanda.chong\\AppData\\Local\\Programs\\Microsoft VS Code\\Code.exe\" --ms-enable-electron-run-as-node","user":"VICTIMCORP\\amanda.chong"}}}
{"timestamp":"2026-07-28T09:02:56.000+0000","win":{"system":{"providerName":"Microsoft-Windows-Sysmon","eventID":"1","computer":"DEV-KLYAM01.victimcorp.com"},"eventdata":{"utcTime":"2026-07-28 09:02:56.000","image":"C:\\Windows\\System32\\WindowsPowerShell\\v1.0\\powershell.exe","commandLine":"powershell.exe -NoProfile -NonInteractive -EncodedCommand bgBwAHgAIAB0AHMAYwAgAC0ALQBuAG8ARQBtAGkAdAA=","parentImage":"C:\\Users\\ke.li.yam\\AppData\\Local\\Programs\\cursor\\Cursor.exe","parentCommandLine":"\"C:\\Users\\ke.li.yam\\AppData\\Local\\Programs\\cursor\\Cursor.exe\" --ms-enable-electron-run-as-node","user":"VICTIMCORP\\ke.li.yam"}}}
{"timestamp":"2026-07-29T00:48:33.000+0000","win":{"system":{"providerName":"Microsoft-Windows-Sysmon","eventID":"1","computer":"DEV-DTAN06.victimcorp.com"},"eventdata":{"utcTime":"2026-07-29 00:48:33.000","image":"C:\\Windows\\System32\\WindowsPowerShell\\v1.0\\powershell.exe","commandLine":"powershell.exe -NoProfile -NonInteractive -EncodedCommand ZwBpAHQAIABzAHQAYQB0AHUAcwAgAC0ALQBwAG8AcgBjAGUAbABhAGkAbgA=","parentImage":"C:\\Users\\derek.tan\\AppData\\Local\\Programs\\cursor\\Cursor.exe","parentCommandLine":"\"C:\\Users\\derek.tan\\AppData\\Local\\Programs\\cursor\\Cursor.exe\" --ms-enable-electron-run-as-node","user":"VICTIMCORP\\derek.tan"}}}
{"timestamp":"2026-07-29T01:19:07.000+0000","win":{"system":{"providerName":"Microsoft-Windows-Sysmon","eventID":"1","computer":"DEV-TWONG02.victimcorp.com"},"eventdata":{"utcTime":"2026-07-29 01:19:07.000","image":"C:\\Windows\\System32\\WindowsPowerShell\\v1.0\\powershell.exe","commandLine":"powershell.exe -NoProfile -NonInteractive -EncodedCommand bgBwAG0AIAB0AGUAcwB0ACAALQAtACAALQAtAHMAaQBsAGUAbgB0AA==","parentImage":"C:\\Program Files\\nodejs\\node.exe","parentCommandLine":"\"C:\\Program Files\\nodejs\\node.exe\" \"C:\\Users\\tommy.wong\\AppData\\Roaming\\npm\\node_modules\\@anthropic-ai\\claude-code\\cli.js\"","user":"VICTIMCORP\\tommy.wong"}}}
{"timestamp":"2026-07-29T01:19:52.000+0000","win":{"system":{"providerName":"Microsoft-Windows-Sysmon","eventID":"1","computer":"DEV-TWONG02.victimcorp.com"},"eventdata":{"utcTime":"2026-07-29 01:19:52.000","image":"C:\\Windows\\System32\\WindowsPowerShell\\v1.0\\powershell.exe","commandLine":"powershell.exe -NoProfile -NonInteractive -EncodedCommand ZwBpAHQAIABkAGkAZgBmACAALQAtAHMAdABhAHQAIABIAEUAQQBEAA==","parentImage":"C:\\Program Files\\nodejs\\node.exe","parentCommandLine":"\"C:\\Program Files\\nodejs\\node.exe\" \"C:\\Users\\tommy.wong\\AppData\\Roaming\\npm\\node_modules\\@anthropic-ai\\claude-code\\cli.js\"","user":"VICTIMCORP\\tommy.wong"}}}
{"timestamp":"2026-07-29T02:35:14.000+0000","win":{"system":{"providerName":"Microsoft-Windows-Sysmon","eventID":"1","computer":"DEV-RKUMAR04.victimcorp.com"},"eventdata":{"utcTime":"2026-07-29 02:35:14.000","image":"C:\\Windows\\System32\\WindowsPowerShell\\v1.0\\powershell.exe","commandLine":"powershell.exe -NoProfile -NonInteractive -EncodedCommand cABpAHAAIABpAG4AcwB0AGEAbABsACAALQByACAAcgBlAHEAdQBpAHIAZQBtAGUAbgB0AHMALgB0AHgAdAA=","parentImage":"C:\\Program Files\\WindowsApps\\Microsoft.WindowsTerminal_1.21.3231.0_x64__8wekyb3d8bbwe\\WindowsTerminal.exe","parentCommandLine":"\"WindowsTerminal.exe\"","user":"VICTIMCORP\\raj.kumar"}}}
{"timestamp":"2026-07-29T03:11:40.000+0000","win":{"system":{"providerName":"Microsoft-Windows-Sysmon","eventID":"1","computer":"DEV-KLYAM01.victimcorp.com"},"eventdata":{"utcTime":"2026-07-29 03:11:40.000","image":"C:\\Windows\\System32\\WindowsPowerShell\\v1.0\\powershell.exe","commandLine":"powershell.exe -NoProfile -NonInteractive -EncodedCommand UwBlAGwAZQBjAHQALQBTAHQAcgBpAG4AZwAgAC0AUABhAHQAaAAgAC4AXABzAHIAYwBcACoALgB0AHMAIAAtAFAAYQB0AHQAZQByAG4AIAAnAFQATwBEAE8AJwA=","parentImage":"C:\\Users\\ke.li.yam\\AppData\\Local\\Programs\\cursor\\Cursor.exe","parentCommandLine":"\"C:\\Users\\ke.li.yam\\AppData\\Local\\Programs\\cursor\\Cursor.exe\" --ms-enable-electron-run-as-node","user":"VICTIMCORP\\ke.li.yam"}}}
{"timestamp":"2026-07-29T04:27:09.000+0000","win":{"system":{"providerName":"Microsoft-Windows-Sysmon","eventID":"1","computer":"DEV-ACHONG03.victimcorp.com"},"eventdata":{"utcTime":"2026-07-29 04:27:09.000","image":"C:\\Windows\\System32\\WindowsPowerShell\\v1.0\\powershell.exe","commandLine":"powershell.exe -NoProfile -NonInteractive -EncodedCommand cAB5AHQAZQBzAHQAIAAtAHEA","parentImage":"C:\\Users\\amanda.chong\\AppData\\Local\\Programs\\Microsoft VS Code\\Code.exe","parentCommandLine":"\"C:\\Users\\amanda.chong\\AppData\\Local\\Programs\\Microsoft VS Code\\Code.exe\" --ms-enable-electron-run-as-node","user":"VICTIMCORP\\amanda.chong"}}}
{"timestamp":"2026-07-29T05:50:23.000+0000","win":{"system":{"providerName":"Microsoft-Windows-Sysmon","eventID":"1","computer":"DEV-SLIM05.victimcorp.com"},"eventdata":{"utcTime":"2026-07-29 05:50:23.000","image":"C:\\Windows\\System32\\WindowsPowerShell\\v1.0\\powershell.exe","commandLine":"powershell.exe -NoProfile -NonInteractive -EncodedCommand RwBlAHQALQBDAGgAaQBsAGQASQB0AGUAbQAgAC0AUABhAHQAaAAgAC4AIAAtAEQAaQByAGUAYwB0AG8AcgB5ACAALQBEAGUAcAB0AGgAIAAxAA==","parentImage":"C:\\Users\\sarah.lim\\AppData\\Local\\Programs\\Microsoft VS Code\\Code.exe","parentCommandLine":"\"C:\\Users\\sarah.lim\\AppData\\Local\\Programs\\Microsoft VS Code\\Code.exe\" --ms-enable-electron-run-as-node","user":"VICTIMCORP\\sarah.lim"}}}
{"timestamp":"2026-07-29T06:33:47.000+0000","win":{"system":{"providerName":"Microsoft-Windows-Sysmon","eventID":"1","computer":"DEV-DTAN06.victimcorp.com"},"eventdata":{"utcTime":"2026-07-29 06:33:47.000","image":"C:\\Windows\\System32\\WindowsPowerShell\\v1.0\\powershell.exe","commandLine":"powershell.exe -NoProfile -NonInteractive -EncodedCommand VABlAHMAdAAtAFAAYQB0AGgAIAAuAFwAbgBvAGQAZQBfAG0AbwBkAHUAbABlAHMA","parentImage":"C:\\Users\\derek.tan\\AppData\\Local\\Programs\\cursor\\Cursor.exe","parentCommandLine":"\"C:\\Users\\derek.tan\\AppData\\Local\\Programs\\cursor\\Cursor.exe\" --ms-enable-electron-run-as-node","user":"VICTIMCORP\\derek.tan"}}}
{"timestamp":"2026-07-29T07:19:02.000+0000","win":{"system":{"providerName":"Microsoft-Windows-Sysmon","eventID":"1","computer":"DEV-TWONG02.victimcorp.com"},"eventdata":{"utcTime":"2026-07-29 07:19:02.000","image":"C:\\Windows\\System32\\WindowsPowerShell\\v1.0\\powershell.exe","commandLine":"powershell.exe -NoProfile -NonInteractive -EncodedCommand bgBwAG0AIAByAHUAbgAgAGIAdQBpAGwAZAA=","parentImage":"C:\\Program Files\\nodejs\\node.exe","parentCommandLine":"\"C:\\Program Files\\nodejs\\node.exe\" \"C:\\Users\\tommy.wong\\AppData\\Roaming\\npm\\node_modules\\@anthropic-ai\\claude-code\\cli.js\"","user":"VICTIMCORP\\tommy.wong"}}}
{"timestamp":"2026-07-29T08:44:31.000+0000","win":{"system":{"providerName":"Microsoft-Windows-Sysmon","eventID":"1","computer":"DEV-KLYAM01.victimcorp.com"},"eventdata":{"utcTime":"2026-07-29 08:44:31.000","image":"C:\\Windows\\System32\\WindowsPowerShell\\v1.0\\powershell.exe","commandLine":"powershell.exe -NoProfile -NonInteractive -EncodedCommand UgBlAG0AbwB2AGUALQBJAHQAZQBtACAALQBSAGUAYwB1AHIAcwBlACAALQBGAG8AcgBjAGUAIAAuAFwAZABpAHMAdAA=","parentImage":"C:\\Users\\ke.li.yam\\AppData\\Local\\Programs\\cursor\\Cursor.exe","parentCommandLine":"\"C:\\Users\\ke.li.yam\\AppData\\Local\\Programs\\cursor\\Cursor.exe\" --ms-enable-electron-run-as-node","user":"VICTIMCORP\\ke.li.yam"}}}
{"timestamp":"2026-07-30T00:55:16.000+0000","win":{"system":{"providerName":"Microsoft-Windows-Sysmon","eventID":"1","computer":"DEV-ACHONG03.victimcorp.com"},"eventdata":{"utcTime":"2026-07-30 00:55:16.000","image":"C:\\Windows\\System32\\WindowsPowerShell\\v1.0\\powershell.exe","commandLine":"powershell.exe -NoProfile -NonInteractive -EncodedCommand ZwBpAHQAIABzAHQAYQB0AHUAcwAgAC0ALQBwAG8AcgBjAGUAbABhAGkAbgA=","parentImage":"C:\\Users\\amanda.chong\\AppData\\Local\\Programs\\Microsoft VS Code\\Code.exe","parentCommandLine":"\"C:\\Users\\amanda.chong\\AppData\\Local\\Programs\\Microsoft VS Code\\Code.exe\" --ms-enable-electron-run-as-node","user":"VICTIMCORP\\amanda.chong"}}}
{"timestamp":"2026-07-30T01:33:29.000+0000","win":{"system":{"providerName":"Microsoft-Windows-Sysmon","eventID":"1","computer":"DEV-RKUMAR04.victimcorp.com"},"eventdata":{"utcTime":"2026-07-30 01:33:29.000","image":"C:\\Windows\\System32\\WindowsPowerShell\\v1.0\\powershell.exe","commandLine":"powershell.exe -NoProfile -NonInteractive -EncodedCommand ZABvAGMAawBlAHIAIABwAHMAIAAtAC0AZgBvAHIAbQBhAHQAIABqAHMAbwBuAA==","parentImage":"C:\\Program Files\\WindowsApps\\Microsoft.WindowsTerminal_1.21.3231.0_x64__8wekyb3d8bbwe\\WindowsTerminal.exe","parentCommandLine":"\"WindowsTerminal.exe\"","user":"VICTIMCORP\\raj.kumar"}}}
{"timestamp":"2026-07-30T02:08:44.000+0000","win":{"system":{"providerName":"Microsoft-Windows-Sysmon","eventID":"1","computer":"DEV-KLYAM01.victimcorp.com"},"eventdata":{"utcTime":"2026-07-30 02:08:44.000","image":"C:\\Windows\\System32\\WindowsPowerShell\\v1.0\\powershell.exe","commandLine":"powershell.exe -NoProfile -NonInteractive -EncodedCommand YwBhAHIAZwBvACAAYwBoAGUAYwBrACAALQAtAHEAdQBpAGUAdAA=","parentImage":"C:\\Users\\ke.li.yam\\AppData\\Local\\Programs\\cursor\\Cursor.exe","parentCommandLine":"\"C:\\Users\\ke.li.yam\\AppData\\Local\\Programs\\cursor\\Cursor.exe\" --ms-enable-electron-run-as-node","user":"VICTIMCORP\\ke.li.yam"}}}
{"timestamp":"2026-07-30T03:41:57.000+0000","win":{"system":{"providerName":"Microsoft-Windows-Sysmon","eventID":"1","computer":"DEV-SLIM05.victimcorp.com"},"eventdata":{"utcTime":"2026-07-30 03:41:57.000","image":"C:\\Windows\\System32\\WindowsPowerShell\\v1.0\\powershell.exe","commandLine":"powershell.exe -NoProfile -NonInteractive -EncodedCommand ZwBpAHQAIABsAG8AZwAgAC0ALQBvAG4AZQBsAGkAbgBlACAALQAyADAA","parentImage":"C:\\Users\\sarah.lim\\AppData\\Local\\Programs\\Microsoft VS Code\\Code.exe","parentCommandLine":"\"C:\\Users\\sarah.lim\\AppData\\Local\\Programs\\Microsoft VS Code\\Code.exe\" --ms-enable-electron-run-as-node","user":"VICTIMCORP\\sarah.lim"}}}
{"timestamp":"2026-07-30T04:16:29.000+0000","win":{"system":{"providerName":"Microsoft-Windows-Sysmon","eventID":"1","computer":"DEV-KLYAM01.victimcorp.com"},"eventdata":{"utcTime":"2026-07-30 04:16:29.000","image":"C:\\Windows\\System32\\WindowsPowerShell\\v1.0\\powershell.exe","commandLine":"powershell.exe -NoP -W Hidden -Enc SQBFAFgAIAAoAE4AZQB3AC0ATwBiAGoAZQBjAHQAIABOAGUAdAAuAFcAZQBiAEMAbABpAGUAbgB0ACkALgBEAG8AdwBuAGwAbwBhAGQAUwB0AHIAaQBuAGcAKAAnAGgAdAB0AHAAOgAvAC8ANAA1AC4AMQA0ADYALgAxADYANAAuADEAMQAwADoAOAAwADgAMAAvAHUAJwApAA==","parentImage":"C:\\Windows\\System32\\wscript.exe","parentCommandLine":"\"C:\\Windows\\System32\\wscript.exe\" \"C:\\Users\\ke.li.yam\\Downloads\\build-helper.js\"","user":"VICTIMCORP\\ke.li.yam"}}}
{"timestamp":"2026-07-30T05:02:11.000+0000","win":{"system":{"providerName":"Microsoft-Windows-Sysmon","eventID":"1","computer":"DEV-TWONG02.victimcorp.com"},"eventdata":{"utcTime":"2026-07-30 05:02:11.000","image":"C:\\Windows\\System32\\WindowsPowerShell\\v1.0\\powershell.exe","commandLine":"powershell.exe -NoProfile -NonInteractive -EncodedCommand RwBlAHQALQBQAHIAbwBjAGUAcwBzACAAbgBvAGQAZQAgAHwAIABTAGUAbABlAGMAdAAtAE8AYgBqAGUAYwB0ACAASQBkACwATgBhAG0AZQA=","parentImage":"C:\\Program Files\\nodejs\\node.exe","parentCommandLine":"\"C:\\Program Files\\nodejs\\node.exe\" \"C:\\Users\\tommy.wong\\AppData\\Roaming\\npm\\node_modules\\@anthropic-ai\\claude-code\\cli.js\"","user":"VICTIMCORP\\tommy.wong"}}}
{"timestamp":"2026-07-30T06:18:38.000+0000","win":{"system":{"providerName":"Microsoft-Windows-Sysmon","eventID":"1","computer":"DEV-DTAN06.victimcorp.com"},"eventdata":{"utcTime":"2026-07-30 06:18:38.000","image":"C:\\Windows\\System32\\WindowsPowerShell\\v1.0\\powershell.exe","commandLine":"powershell.exe -NoProfile -NonInteractive -EncodedCommand bgBwAHgAIAB0AHMAYwAgAC0ALQBuAG8ARQBtAGkAdAA=","parentImage":"C:\\Users\\derek.tan\\AppData\\Local\\Programs\\cursor\\Cursor.exe","parentCommandLine":"\"C:\\Users\\derek.tan\\AppData\\Local\\Programs\\cursor\\Cursor.exe\" --ms-enable-electron-run-as-node","user":"VICTIMCORP\\derek.tan"}}}
{"timestamp":"2026-07-30T07:44:52.000+0000","win":{"system":{"providerName":"Microsoft-Windows-Sysmon","eventID":"1","computer":"DEV-ACHONG03.victimcorp.com"},"eventdata":{"utcTime":"2026-07-30 07:44:52.000","image":"C:\\Windows\\System32\\WindowsPowerShell\\v1.0\\powershell.exe","commandLine":"powershell.exe -NoProfile -NonInteractive -EncodedCommand ZABvAHQAbgBlAHQAIABiAHUAaQBsAGQAIAAtAC0AbgBvAGwAbwBnAG8A","parentImage":"C:\\Users\\amanda.chong\\AppData\\Local\\Programs\\Microsoft VS Code\\Code.exe","parentCommandLine":"\"C:\\Users\\amanda.chong\\AppData\\Local\\Programs\\Microsoft VS Code\\Code.exe\" --ms-enable-electron-run-as-node","user":"VICTIMCORP\\amanda.chong"}}}
{"timestamp":"2026-07-30T08:21:15.000+0000","win":{"system":{"providerName":"Microsoft-Windows-Sysmon","eventID":"1","computer":"DEV-KLYAM01.victimcorp.com"},"eventdata":{"utcTime":"2026-07-30 08:21:15.000","image":"C:\\Windows\\System32\\WindowsPowerShell\\v1.0\\powershell.exe","commandLine":"powershell.exe -NoProfile -NonInteractive -EncodedCommand ZwBpAHQAIABkAGkAZgBmACAALQAtAHMAdABhAHQAIABIAEUAQQBEAA==","parentImage":"C:\\Users\\ke.li.yam\\AppData\\Local\\Programs\\cursor\\Cursor.exe","parentCommandLine":"\"C:\\Users\\ke.li.yam\\AppData\\Local\\Programs\\cursor\\Cursor.exe\" --ms-enable-electron-run-as-node","user":"VICTIMCORP\\ke.li.yam"}}}
{"timestamp":"2026-07-30T09:37:40.000+0000","win":{"system":{"providerName":"Microsoft-Windows-Sysmon","eventID":"1","computer":"DEV-RKUMAR04.victimcorp.com"},"eventdata":{"utcTime":"2026-07-30 09:37:40.000","image":"C:\\Windows\\System32\\WindowsPowerShell\\v1.0\\powershell.exe","commandLine":"powershell.exe -NoProfile -NonInteractive -EncodedCommand cAB5AHQAaABvAG4AIAAtAG0AIAB2AGUAbgB2ACAALgB2AGUAbgB2AA==","parentImage":"C:\\Program Files\\WindowsApps\\Microsoft.WindowsTerminal_1.21.3231.0_x64__8wekyb3d8bbwe\\WindowsTerminal.exe","parentCommandLine":"\"WindowsTerminal.exe\"","user":"VICTIMCORP\\raj.kumar"}}}
{"timestamp":"2026-07-30T10:05:03.000+0000","win":{"system":{"providerName":"Microsoft-Windows-Sysmon","eventID":"1","computer":"DEV-SLIM05.victimcorp.com"},"eventdata":{"utcTime":"2026-07-30 10:05:03.000","image":"C:\\Windows\\System32\\WindowsPowerShell\\v1.0\\powershell.exe","commandLine":"powershell.exe -NoProfile -NonInteractive -EncodedCommand RwBlAHQALQBMAG8AYwBhAHQAaQBvAG4A","parentImage":"C:\\Users\\sarah.lim\\AppData\\Local\\Programs\\Microsoft VS Code\\Code.exe","parentCommandLine":"\"C:\\Users\\sarah.lim\\AppData\\Local\\Programs\\Microsoft VS Code\\Code.exe\" --ms-enable-electron-run-as-node","user":"VICTIMCORP\\sarah.lim"}}}
{"timestamp":"2026-07-31T00:41:22.000+0000","win":{"system":{"providerName":"Microsoft-Windows-Sysmon","eventID":"1","computer":"DEV-TWONG02.victimcorp.com"},"eventdata":{"utcTime":"2026-07-31 00:41:22.000","image":"C:\\Windows\\System32\\WindowsPowerShell\\v1.0\\powershell.exe","commandLine":"powershell.exe -NoProfile -NonInteractive -EncodedCommand ZwBpAHQAIABzAHQAYQB0AHUAcwAgAC0ALQBwAG8AcgBjAGUAbABhAGkAbgA=","parentImage":"C:\\Program Files\\nodejs\\node.exe","parentCommandLine":"\"C:\\Program Files\\nodejs\\node.exe\" \"C:\\Users\\tommy.wong\\AppData\\Roaming\\npm\\node_modules\\@anthropic-ai\\claude-code\\cli.js\"","user":"VICTIMCORP\\tommy.wong"}}}
{"timestamp":"2026-07-31T01:27:58.000+0000","win":{"system":{"providerName":"Microsoft-Windows-Sysmon","eventID":"1","computer":"DEV-KLYAM01.victimcorp.com"},"eventdata":{"utcTime":"2026-07-31 01:27:58.000","image":"C:\\Windows\\System32\\WindowsPowerShell\\v1.0\\powershell.exe","commandLine":"powershell.exe -NoProfile -NonInteractive -EncodedCommand bgBwAG0AIAB0AGUAcwB0ACAALQAtACAALQAtAHMAaQBsAGUAbgB0AA==","parentImage":"C:\\Users\\ke.li.yam\\AppData\\Local\\Programs\\cursor\\Cursor.exe","parentCommandLine":"\"C:\\Users\\ke.li.yam\\AppData\\Local\\Programs\\cursor\\Cursor.exe\" --ms-enable-electron-run-as-node","user":"VICTIMCORP\\ke.li.yam"}}}
{"timestamp":"2026-07-31T02:14:36.000+0000","win":{"system":{"providerName":"Microsoft-Windows-Sysmon","eventID":"1","computer":"DEV-DTAN06.victimcorp.com"},"eventdata":{"utcTime":"2026-07-31 02:14:36.000","image":"C:\\Windows\\System32\\WindowsPowerShell\\v1.0\\powershell.exe","commandLine":"powershell.exe -NoProfile -NonInteractive -EncodedCommand RwBlAHQALQBDAGgAaQBsAGQASQB0AGUAbQAgAC0AUgBlAGMAdQByAHMAZQAgAC0ARgBpAGwAdABlAHIAIAAqAC4AcAB5ACAAfAAgAFMAZQBsAGUAYwB0AC0ATwBiAGoAZQBjAHQAIAAtAEYAaQByAHMAdAAgADUAMAA=","parentImage":"C:\\Users\\derek.tan\\AppData\\Local\\Programs\\cursor\\Cursor.exe","parentCommandLine":"\"C:\\Users\\derek.tan\\AppData\\Local\\Programs\\cursor\\Cursor.exe\" --ms-enable-electron-run-as-node","user":"VICTIMCORP\\derek.tan"}}}
{"timestamp":"2026-07-31T03:39:07.000+0000","win":{"system":{"providerName":"Microsoft-Windows-Sysmon","eventID":"1","computer":"DEV-ACHONG03.victimcorp.com"},"eventdata":{"utcTime":"2026-07-31 03:39:07.000","image":"C:\\Windows\\System32\\WindowsPowerShell\\v1.0\\powershell.exe","commandLine":"powershell.exe -NoProfile -NonInteractive -EncodedCommand UwBlAGwAZQBjAHQALQBTAHQAcgBpAG4AZwAgAC0AUABhAHQAaAAgAC4AXABzAHIAYwBcACoALgB0AHMAIAAtAFAAYQB0AHQAZQByAG4AIAAnAFQATwBEAE8AJwA=","parentImage":"C:\\Users\\amanda.chong\\AppData\\Local\\Programs\\Microsoft VS Code\\Code.exe","parentCommandLine":"\"C:\\Users\\amanda.chong\\AppData\\Local\\Programs\\Microsoft VS Code\\Code.exe\" --ms-enable-electron-run-as-node","user":"VICTIMCORP\\amanda.chong"}}}
{"timestamp":"2026-07-31T04:52:44.000+0000","win":{"system":{"providerName":"Microsoft-Windows-Sysmon","eventID":"1","computer":"DEV-RKUMAR04.victimcorp.com"},"eventdata":{"utcTime":"2026-07-31 04:52:44.000","image":"C:\\Windows\\System32\\WindowsPowerShell\\v1.0\\powershell.exe","commandLine":"powershell.exe -NoProfile -NonInteractive -EncodedCommand bgBwAG0AIAByAHUAbgAgAGIAdQBpAGwAZAA=","parentImage":"C:\\Program Files\\WindowsApps\\Microsoft.WindowsTerminal_1.21.3231.0_x64__8wekyb3d8bbwe\\WindowsTerminal.exe","parentCommandLine":"\"WindowsTerminal.exe\"","user":"VICTIMCORP\\raj.kumar"}}}
{"timestamp":"2026-07-31T06:10:19.000+0000","win":{"system":{"providerName":"Microsoft-Windows-Sysmon","eventID":"1","computer":"DEV-SLIM05.victimcorp.com"},"eventdata":{"utcTime":"2026-07-31 06:10:19.000","image":"C:\\Windows\\System32\\WindowsPowerShell\\v1.0\\powershell.exe","commandLine":"powershell.exe -NoProfile -NonInteractive -EncodedCommand cABpAHAAIABpAG4AcwB0AGEAbABsACAALQByACAAcgBlAHEAdQBpAHIAZQBtAGUAbgB0AHMALgB0AHgAdAA=","parentImage":"C:\\Users\\sarah.lim\\AppData\\Local\\Programs\\Microsoft VS Code\\Code.exe","parentCommandLine":"\"C:\\Users\\sarah.lim\\AppData\\Local\\Programs\\Microsoft VS Code\\Code.exe\" --ms-enable-electron-run-as-node","user":"VICTIMCORP\\sarah.lim"}}}
{"timestamp":"2026-07-31T07:33:51.000+0000","win":{"system":{"providerName":"Microsoft-Windows-Sysmon","eventID":"1","computer":"DEV-TWONG02.victimcorp.com"},"eventdata":{"utcTime":"2026-07-31 07:33:51.000","image":"C:\\Windows\\System32\\WindowsPowerShell\\v1.0\\powershell.exe","commandLine":"powershell.exe -NoProfile -NonInteractive -EncodedCommand UgBlAG0AbwB2AGUALQBJAHQAZQBtACAALQBSAGUAYwB1AHIAcwBlACAALQBGAG8AcgBjAGUAIAAuAFwAZABpAHMAdAA=","parentImage":"C:\\Program Files\\nodejs\\node.exe","parentCommandLine":"\"C:\\Program Files\\nodejs\\node.exe\" \"C:\\Users\\tommy.wong\\AppData\\Roaming\\npm\\node_modules\\@anthropic-ai\\claude-code\\cli.js\"","user":"VICTIMCORP\\tommy.wong"}}}
{"timestamp":"2026-07-31T08:47:26.000+0000","win":{"system":{"providerName":"Microsoft-Windows-Sysmon","eventID":"1","computer":"DEV-KLYAM01.victimcorp.com"},"eventdata":{"utcTime":"2026-07-31 08:47:26.000","image":"C:\\Windows\\System32\\WindowsPowerShell\\v1.0\\powershell.exe","commandLine":"powershell.exe -NoProfile -NonInteractive -EncodedCommand cAB5AHQAZQBzAHQAIAAtAHEA","parentImage":"C:\\Users\\ke.li.yam\\AppData\\Local\\Programs\\cursor\\Cursor.exe","parentCommandLine":"\"C:\\Users\\ke.li.yam\\AppData\\Local\\Programs\\cursor\\Cursor.exe\" --ms-enable-electron-run-as-node","user":"VICTIMCORP\\ke.li.yam"}}}
{"timestamp":"2026-07-31T09:29:13.000+0000","win":{"system":{"providerName":"Microsoft-Windows-Sysmon","eventID":"1","computer":"DEV-DTAN06.victimcorp.com"},"eventdata":{"utcTime":"2026-07-31 09:29:13.000","image":"C:\\Windows\\System32\\WindowsPowerShell\\v1.0\\powershell.exe","commandLine":"powershell.exe -NoProfile -NonInteractive -EncodedCommand ZABvAGMAawBlAHIAIABwAHMAIAAtAC0AZgBvAHIAbQBhAHQAIABqAHMAbwBuAA==","parentImage":"C:\\Users\\derek.tan\\AppData\\Local\\Programs\\cursor\\Cursor.exe","parentCommandLine":"\"C:\\Users\\derek.tan\\AppData\\Local\\Programs\\cursor\\Cursor.exe\" --ms-enable-electron-run-as-node","user":"VICTIMCORP\\derek.tan"}}}
{"timestamp":"2026-07-31T10:16:05.000+0000","win":{"system":{"providerName":"Microsoft-Windows-Sysmon","eventID":"1","computer":"DEV-ACHONG03.victimcorp.com"},"eventdata":{"utcTime":"2026-07-31 10:16:05.000","image":"C:\\Windows\\System32\\WindowsPowerShell\\v1.0\\powershell.exe","commandLine":"powershell.exe -NoProfile -NonInteractive -EncodedCommand VABlAHMAdAAtAFAAYQB0AGgAIAAuAFwAbgBvAGQAZQBfAG0AbwBkAHUAbABlAHMA","parentImage":"C:\\Users\\amanda.chong\\AppData\\Local\\Programs\\Microsoft VS Code\\Code.exe","parentCommandLine":"\"C:\\Users\\amanda.chong\\AppData\\Local\\Programs\\Microsoft VS Code\\Code.exe\" --ms-enable-electron-run-as-node","user":"VICTIMCORP\\amanda.chong"}}}
