{"timestamp":"2026-07-29T08:02:14.000+08:00","win":{"system":{"providerName":"Microsoft-Windows-Security-Auditing","eventID":"4624","eventRecordID":"920401","channel":"Security","computer":"DC01.corp.local"},"eventdata":{"targetUserName":"jane.tan","targetDomainName":"CORP","ipAddress":"10.20.4.61","logonType":"3","workstationName":"WKS-JTAN"}}}
{"timestamp":"2026-07-29T08:17:39.000+08:00","win":{"system":{"providerName":"Microsoft-Windows-Security-Auditing","eventID":"4624","eventRecordID":"920404","channel":"Security","computer":"DC01.corp.local"},"eventdata":{"targetUserName":"raj.kumar","targetDomainName":"CORP","ipAddress":"10.20.4.73","logonType":"3","workstationName":"WKS-RKUMAR"}}}
{"timestamp":"2026-07-29T08:35:02.000+08:00","win":{"system":{"providerName":"Microsoft-Windows-Security-Auditing","eventID":"4624","eventRecordID":"920409","channel":"Security","computer":"DC01.corp.local"},"eventdata":{"targetUserName":"ke.li.yam","targetDomainName":"CORP","ipAddress":"10.20.4.88","logonType":"3","workstationName":"DEV-KLYAM01"}}}
{"timestamp":"2026-07-29T09:04:51.000+08:00","win":{"system":{"providerName":"Microsoft-Windows-Security-Auditing","eventID":"4624","eventRecordID":"920415","channel":"Security","computer":"DC01.corp.local"},"eventdata":{"targetUserName":"tommy.wong","targetDomainName":"CORP","ipAddress":"10.20.4.94","logonType":"3","workstationName":"DEV-TWONG02"}}}
{"timestamp":"2026-07-29T09:41:27.000+08:00","win":{"system":{"providerName":"Microsoft-Windows-Security-Auditing","eventID":"4624","eventRecordID":"920422","channel":"Security","computer":"DC01.corp.local"},"eventdata":{"targetUserName":"a.chong","targetDomainName":"CORP","ipAddress":"10.20.4.107","logonType":"3","workstationName":"DEV-ACHONG03"}}}
{"timestamp":"2026-07-29T13:22:08.000+08:00","win":{"system":{"providerName":"Microsoft-Windows-Security-Auditing","eventID":"4624","eventRecordID":"920438","channel":"Security","computer":"DC01.corp.local"},"eventdata":{"targetUserName":"jane.tan","targetDomainName":"CORP","ipAddress":"10.20.4.61","logonType":"3","workstationName":"WKS-JTAN"}}}
{"timestamp":"2026-07-30T07:58:44.000+08:00","win":{"system":{"providerName":"Microsoft-Windows-Security-Auditing","eventID":"4624","eventRecordID":"920502","channel":"Security","computer":"DC01.corp.local"},"eventdata":{"targetUserName":"raj.kumar","targetDomainName":"CORP","ipAddress":"10.20.4.73","logonType":"3","workstationName":"WKS-RKUMAR"}}}
{"timestamp":"2026-07-30T08:12:19.000+08:00","win":{"system":{"providerName":"Microsoft-Windows-Security-Auditing","eventID":"4624","eventRecordID":"920507","channel":"Security","computer":"DC01.corp.local"},"eventdata":{"targetUserName":"ke.li.yam","targetDomainName":"CORP","ipAddress":"10.20.4.88","logonType":"3","workstationName":"DEV-KLYAM01"}}}
{"timestamp":"2026-07-30T08:47:33.000+08:00","win":{"system":{"providerName":"Microsoft-Windows-Security-Auditing","eventID":"4624","eventRecordID":"920513","channel":"Security","computer":"DC01.corp.local"},"eventdata":{"targetUserName":"tommy.wong","targetDomainName":"CORP","ipAddress":"10.20.4.94","logonType":"3","workstationName":"DEV-TWONG02"}}}
{"timestamp":"2026-07-30T09:29:56.000+08:00","win":{"system":{"providerName":"Microsoft-Windows-Security-Auditing","eventID":"4624","eventRecordID":"920521","channel":"Security","computer":"DC01.corp.local"},"eventdata":{"targetUserName":"a.chong","targetDomainName":"CORP","ipAddress":"10.20.4.107","logonType":"3","workstationName":"DEV-ACHONG03"}}}
{"timestamp":"2026-07-30T14:05:11.000+08:00","win":{"system":{"providerName":"Microsoft-Windows-Security-Auditing","eventID":"4624","eventRecordID":"920544","channel":"Security","computer":"DC01.corp.local"},"eventdata":{"targetUserName":"jane.tan","targetDomainName":"CORP","ipAddress":"10.20.4.61","logonType":"3","workstationName":"WKS-JTAN"}}}
{"timestamp":"2026-07-31T08:06:27.000+08:00","win":{"system":{"providerName":"Microsoft-Windows-Security-Auditing","eventID":"4624","eventRecordID":"920602","channel":"Security","computer":"DC01.corp.local"},"eventdata":{"targetUserName":"raj.kumar","targetDomainName":"CORP","ipAddress":"10.20.4.73","logonType":"3","workstationName":"WKS-RKUMAR"}}}
{"timestamp":"2026-07-31T08:24:03.000+08:00","win":{"system":{"providerName":"Microsoft-Windows-Security-Auditing","eventID":"4624","eventRecordID":"920607","channel":"Security","computer":"DC01.corp.local"},"eventdata":{"targetUserName":"ke.li.yam","targetDomainName":"CORP","ipAddress":"10.20.4.88","logonType":"3","workstationName":"DEV-KLYAM01"}}}
{"timestamp":"2026-07-31T08:58:41.000+08:00","win":{"system":{"providerName":"Microsoft-Windows-Security-Auditing","eventID":"4624","eventRecordID":"920614","channel":"Security","computer":"DC01.corp.local"},"eventdata":{"targetUserName":"tommy.wong","targetDomainName":"CORP","ipAddress":"10.20.4.94","logonType":"3","workstationName":"DEV-TWONG02"}}}
{"timestamp":"2026-07-31T10:17:52.000+08:00","win":{"system":{"providerName":"Microsoft-Windows-Security-Auditing","eventID":"4624","eventRecordID":"920631","channel":"Security","computer":"DC01.corp.local"},"eventdata":{"targetUserName":"a.chong","targetDomainName":"CORP","ipAddress":"10.20.4.107","logonType":"3","workstationName":"DEV-ACHONG03"}}}
